{"C:\\Users\\Documents\\my react projects\\githubUserSearch\\github-user\\src\\App.js": {"path":"C:\\Users\\Documents\\my react projects\\githubUserSearch\\github-user\\src\\App.js","statementMap":{"0":{"start":{"line":18,"column":31},"end":{"line":18,"column":43}},"1":{"start":{"line":19,"column":40},"end":{"line":19,"column":50}},"2":{"start":{"line":22,"column":2},"end":{"line":24,"column":17}},"3":{"start":{"line":23,"column":4},"end":{"line":23,"column":14}},"4":{"start":{"line":26,"column":16},"end":{"line":35,"column":3}},"5":{"start":{"line":27,"column":4},"end":{"line":27,"column":25}},"6":{"start":{"line":30,"column":16},"end":{"line":30,"column":43}},"7":{"start":{"line":31,"column":4},"end":{"line":31,"column":20}},"8":{"start":{"line":32,"column":4},"end":{"line":32,"column":24}},"9":{"start":{"line":33,"column":4},"end":{"line":33,"column":29}},"10":{"start":{"line":36,"column":2},"end":{"line":76,"column":4}},"11":{"start":{"line":53,"column":29},"end":{"line":53,"column":56}}},"fnMap":{"0":{"name":"App","decl":{"start":{"line":17,"column":9},"end":{"line":17,"column":12}},"loc":{"start":{"line":17,"column":15},"end":{"line":77,"column":1}},"line":17},"1":{"name":"(anonymous_1)","decl":{"start":{"line":22,"column":12},"end":{"line":22,"column":13}},"loc":{"start":{"line":22,"column":18},"end":{"line":24,"column":3}},"line":22},"2":{"name":"(anonymous_2)","decl":{"start":{"line":26,"column":16},"end":{"line":26,"column":17}},"loc":{"start":{"line":26,"column":25},"end":{"line":35,"column":3}},"line":26},"3":{"name":"(anonymous_3)","decl":{"start":{"line":53,"column":22},"end":{"line":53,"column":23}},"loc":{"start":{"line":53,"column":29},"end":{"line":53,"column":56}},"line":53}},"branchMap":{},"s":{"0":4,"1":3,"2":3,"3":3,"4":3,"5":3,"6":3,"7":0,"8":0,"9":0,"10":3,"11":0},"f":{"0":4,"1":3,"2":3,"3":0},"b":{},"_coverageSchema":"1a1c01bbd47fc00a2c39e90264f33305004495a9","hash":"1756fdacf50fa891b5e47843fe13a84bb6ac746e"}
,"C:\\Users\\Documents\\my react projects\\githubUserSearch\\github-user\\src\\mocks\\userData.js": {"path":"C:\\Users\\Documents\\my react projects\\githubUserSearch\\github-user\\src\\mocks\\userData.js","statementMap":{"0":{"start":{"line":1,"column":23},"end":{"line":34,"column":1}}},"fnMap":{},"branchMap":{},"s":{"0":1},"f":{},"b":{},"_coverageSchema":"1a1c01bbd47fc00a2c39e90264f33305004495a9","hash":"0c70d6d757764e730ffe7a38b2df942238f3c4e0"}
,"C:\\Users\\Documents\\my react projects\\githubUserSearch\\github-user\\src\\services\\getUsers.js": {"path":"C:\\Users\\Documents\\my react projects\\githubUserSearch\\github-user\\src\\services\\getUsers.js","statementMap":{"0":{"start":{"line":2,"column":15},"end":{"line":2,"column":70}},"1":{"start":{"line":3,"column":14},"end":{"line":3,"column":31}},"2":{"start":{"line":4,"column":2},"end":{"line":4,"column":13}}},"fnMap":{"0":{"name":"getUsersApi","decl":{"start":{"line":1,"column":22},"end":{"line":1,"column":33}},"loc":{"start":{"line":1,"column":44},"end":{"line":5,"column":1}},"line":1}},"branchMap":{},"s":{"0":5,"1":1,"2":1},"f":{"0":5},"b":{},"_coverageSchema":"1a1c01bbd47fc00a2c39e90264f33305004495a9","hash":"f797855cc7a34b132b90aad233db2a99a6553b9e"}
}
