TN:
SF:src\App.js
FN:17,App
FN:22,(anonymous_1)
FN:26,(anonymous_2)
FN:53,(anonymous_3)
FNF:4
FNH:3
FNDA:4,App
FNDA:3,(anonymous_1)
FNDA:3,(anonymous_2)
FNDA:0,(anonymous_3)
DA:18,4
DA:19,3
DA:22,3
DA:23,3
DA:26,3
DA:27,3
DA:30,3
DA:31,0
DA:32,0
DA:33,0
DA:36,3
DA:53,0
LF:12
LH:8
BRF:0
BRH:0
end_of_record
TN:
SF:src\mocks\userData.js
FNF:0
FNH:0
DA:1,1
LF:1
LH:1
BRF:0
BRH:0
end_of_record
TN:
SF:src\services\getUsers.js
FN:1,getUsersApi
FNF:1
FNH:1
FNDA:5,getUsersApi
DA:2,5
DA:3,1
DA:4,1
LF:3
LH:3
BRF:0
BRH:0
end_of_record
